begin test_heap1( 1 ):=============================
adding... Heap size is now 1
display_heap...
  3
Removing node frequencies in order... 
3 

Heap size is now 0
display_heap...

end test_heap1()
begin test_heap2( 1 ):=============================
adding... Heap size is now 1
display_heap...
  2
Removing 0 nodes ... 

Heap size is 1.  and should be 1
added 2 more entries, Big and Small.
display_heap...
  0
     8888
     2

Removed entry frequency is 0.  and should be 0

end test_heap2()
begin test_heap1( 3 ):=============================
adding... Heap size is now 3
display_heap...
  9
     23
     15
Removing node frequencies in order... 
9 15 23 

Heap size is now 0
display_heap...

end test_heap1()
begin test_heap2( 3 ):=============================
adding... Heap size is now 3
display_heap...
  10
     14
     12
Removing 1 nodes ... 
10 

Heap size is 2.  and should be 2
added 2 more entries, Big and Small.
display_heap...
  0
     12
         14
     8888

Removed entry frequency is 0.  and should be 0

end test_heap2()
begin test_heap1( 8 ):=============================
adding... Heap size is now 8
display_heap...
  11
     41
         55
             56
         50
     29
         37
         31
Removing node frequencies in order... 
11 29 31 37 41 50 55 56 

Heap size is now 0
display_heap...

end test_heap1()
begin test_heap2( 8 ):=============================
adding... Heap size is now 8
display_heap...
  4
     25
         60
             62
         41
     35
         44
         56
Removing 7 nodes ... 
4 25 35 41 44 56 60 

Heap size is 1.  and should be 1
added 2 more entries, Big and Small.
display_heap...
  0
     8888
     62

Removed entry frequency is 0.  and should be 0

end test_heap2()
begin test_heap1( 21 ):=============================
adding... Heap size is now 21
display_heap...
  10
     12
         28
             66
                 106
                 139
             69
                 153
                 93
         70
             74
                 115
                 128
             136
     53
         73
             160
             114
         139
             142
             158
Removing node frequencies in order... 
10 12 28 53 66 69 70 73 74 93 
106 114 115 128 136 139 139 142 153 158 
160 

Heap size is now 0
display_heap...

end test_heap1()
begin test_heap2( 21 ):=============================
adding... Heap size is now 21
display_heap...
  3
     27
         38
             93
                 116
                 129
             44
                 105
                 55
         70
             73
                 116
                 114
             133
     15
         74
             152
             105
         53
             129
             72
Removing 2 nodes ... 
3 15 

Heap size is 19.  and should be 19
added 2 more entries, Big and Small.
display_heap...
  0
     27
         44
             93
                 116
                 129
             55
                 105
                 116
         38
             70
                 8888
                 73
             133
     53
         74
             152
             105
         72
             129
             114

Removed entry frequency is 0.  and should be 0

end test_heap2()
begin test_heap1( 255 ):=============================
adding... Heap size is now 255
display_heap...
  2
     20
         76
             391
                 671
                     722
                         1308
                             1975
                             1391
                         1130
                             1944
                             1192
                     691
                         1496
                             1559
                             1724
                         946
                             1917
                             1302
                 444
                     910
                         1506
                             2010
                             1973
                         915
                             1862
                             1211
                     619
                         983
                             1145
                             1654
                         841
                             2001
                             1333
             114
                 152
                     1033
                         1369
                             1923
                             1528
                         1053
                             1452
                             1258
                     450
                         1356
                             1963
                             1470
                         615
                             1400
                             1307
                 466
                     642
                         1143
                             1752
                             1995
                         897
                             1161
                             1160
                     623
                         1318
                             1941
                             1319
                         637
                             1155
                             1029
         22
             250
                 466
                     750
                         941
                             1347
                             1596
                         1176
                             1687
                             2038
                     490
                         1152
                             1630
                             1304
                         669
                             1838
                             689
                 323
                     399
                         917
                             1467
                             1477
                         439
                             1227
                             753
                     347
                         714
                             1225
                             963
                         476
                             1188
                             545
             44
                 181
                     183
                         245
                             1988
                             1339
                         475
                             1483
                             1879
                     253
                         1119
                             1811
                             1524
                         289
                             1157
                             462
                 190
                     313
                         417
                             1955
                             1451
                         319
                             1377
                             762
                     233
                         601
                             1923
                             1100
                         942
                             1485
                             1270
     6
         62
             121
                 217
                     529
                         657
                             1940
                             776
                         1268
                             1653
                             1681
                     462
                         1235
                             1838
                             1830
                         928
                             1300
                             1199
                 132
                     470
                         757
                             2014
                             1139
                         485
                             1547
                             789
                     257
                         594
                             1635
                             1472
                         567
                             1794
                             1388
             105
                 142
                     605
                         809
                             1363
                             1025
                         621
                             1822
                             1227
                     230
                         1067
                             1155
                             1388
                         815
                             844
                             1484
                 224
                     671
                         925
                             1781
                             992
                         1272
                             1803
                             1554
                     453
                         738
                             1964
                             1618
                         503
                             1738
                             578
         74
             95
                 99
                     320
                         912
                             1335
                             1643
                         422
                             893
                             1840
                     221
                         334
                             1408
                             1305
                         404
                             999
                             818
                 160
                     338
                         593
                             1005
                             856
                         413
                             791
                             506
                     437
                         596
                             1074
                             911
                         1548
                             2002
                             1567
             105
                 228
                     413
                         735
                             1201
                             1156
                         655
                             1672
                             1466
                     627
                         1774
                             2009
                             1996
                         835
                             1584
                             839
                 107
                     280
                         726
                             1780
                             1220
                         650
                             1772
                             1324
                     156
                         226
                             1670
                             874
                         542
                             1997
                             976
Removing node frequencies in order... 
2 6 20 22 44 62 74 76 95 99 
105 105 107 114 121 132 142 152 156 160 
181 183 190 217 221 224 226 228 230 233 
245 250 253 257 280 289 313 319 320 323 
334 338 347 391 399 404 413 413 417 422 
437 439 444 450 453 462 462 466 466 470 
475 476 485 490 503 506 529 542 545 567 
578 593 594 596 601 605 615 619 621 623 
627 637 642 650 655 657 669 671 671 689 
691 714 722 726 735 738 750 753 757 762 
776 789 791 809 815 818 835 839 841 844 
856 874 893 897 910 911 912 915 917 925 
928 941 942 946 963 976 983 992 999 1005 
1025 1029 1033 1053 1067 1074 1100 1119 1130 1139 
1143 1145 1152 1155 1155 1156 1157 1160 1161 1176 
1188 1192 1199 1201 1211 1220 1225 1227 1227 1235 
1258 1268 1270 1272 1300 1302 1304 1305 1307 1308 
1318 1319 1324 1333 1335 1339 1347 1356 1363 1369 
1377 1388 1388 1391 1400 1408 1451 1452 1466 1467 
1470 1472 1477 1483 1484 1485 1496 1506 1524 1528 
1547 1548 1554 1559 1567 1584 1596 1618 1630 1635 
1643 1653 1654 1670 1672 1681 1687 1724 1738 1752 
1772 1774 1780 1781 1794 1803 1811 1822 1830 1838 
1838 1840 1862 1879 1917 1923 1923 1940 1941 1944 
1955 1963 1964 1973 1975 1988 1995 1996 1997 2001 
2002 2009 2010 2014 2038 

Heap size is now 0
display_heap...

end test_heap1()
begin test_heap2( 255 ):=============================
adding... Heap size is now 255
display_heap...
  7
     13
         25
             55
                 381
                     470
                         505
                             1898
                             1171
                         1245
                             1260
                             1715
                     388
                         1142
                             1880
                             1796
                         405
                             1810
                             1023
                 111
                     232
                         782
                             1961
                             2006
                         644
                             1592
                             1940
                     270
                         888
                             1467
                             1219
                         805
                             1034
                             1029
             123
                 186
                     717
                         1432
                             1697
                             1898
                         732
                             1731
                             1264
                     595
                         1163
                             1556
                             1372
                         606
                             1344
                             1342
                 221
                     362
                         1710
                             1928
                             1913
                         436
                             1808
                             1360
                     390
                         952
                             1767
                             1793
                         1205
                             1622
                             1996
         14
             14
                 80
                     283
                         926
                             2003
                             1381
                         1399
                             1543
                             1894
                     647
                         1346
                             1431
                             1647
                         664
                             1769
                             878
                 325
                     547
                         1108
                             1772
                             1614
                         805
                             1631
                             1041
                     388
                         1582
                             2024
                             1606
                         717
                             1183
                             1018
             14
                 417
                     904
                         1312
                             1931
                             1900
                         1715
                             1853
                             1918
                     422
                         1104
                             1330
                             1155
                         808
                             1914
                             977
                 76
                     182
                         462
                             1631
                             697
                         795
                             1212
                             1522
                     377
                         915
                             1975
                             1042
                         1301
                             1350
                             1989
     59
         194
             223
                 295
                     532
                         853
                             2029
                             1213
                         1196
                             1929
                             1716
                     332
                         481
                             1288
                             554
                         943
                             1716
                             1946
                 274
                     332
                         671
                             1996
                             1231
                         820
                             1620
                             1087
                     557
                         1677
                             1782
                             1875
                         821
                             1804
                             1303
             257
                 446
                     572
                         1183
                             1736
                             1617
                         800
                             1770
                             1071
                     519
                         551
                             1902
                             605
                         1071
                             1650
                             1174
                 412
                     500
                         630
                             1956
                             694
                         511
                             1629
                             656
                     435
                         1071
                             1292
                             2006
                         626
                             1134
                             1604
         62
             78
                 180
                     632
                         842
                             1626
                             1973
                         691
                             1681
                             1024
                     359
                         475
                             863
                             575
                         696
                             802
                             1590
                 274
                     342
                         795
                             1439
                             1622
                         637
                             876
                             1953
                     276
                         531
                             1974
                             1458
                         607
                             655
                             1026
             115
                 173
                     200
                         1179
                             1763
                             1557
                         541
                             1826
                             1487
                     312
                         870
                             1497
                             1308
                         495
                             1375
                             1997
                 128
                     264
                         1292
                             2002
                             1903
                         617
                             1282
                             906
                     342
                         521
                             1742
                             1485
                         393
                             971
                             498
Removing 71 nodes ... 
7 13 14 14 14 25 55 59 62 76 
78 80 111 115 123 128 173 180 182 186 
194 200 221 223 232 257 264 270 274 274 
276 283 295 312 325 332 332 342 342 359 
362 377 381 388 388 390 393 405 412 417 
422 435 436 446 462 470 475 481 495 498 
500 505 511 519 521 531 532 541 547 551 
554 

Heap size is 184.  and should be 184
added 2 more entries, Big and Small.
display_heap...
  0
     557
         605
             644
                 876
                     1171
                         1174
                             1898
                             1902
                         1245
                             1260
                             1715
                     1023
                         1142
                             1880
                             1796
                         1804
                             1810
                             1953
                 782
                     1557
                         1620
                             1961
                             2006
                         1592
                             1742
                             1940
                     805
                         888
                             1467
                             1219
                         906
                             1034
                             1029
             606
                 717
                     732
                         1432
                             1697
                             1898
                         1264
                             1731
                             1975
                     1071
                         1163
                             1556
                             1372
                         1308
                             1344
                             1342
                 655
                     1360
                         1710
                             1928
                             1913
                         1439
                             1808
                             1497
                     952
                         1622
                             1767
                             1793
                         1205
                             1622
                             1996
         595
             664
                 878
                     926
                         971
                             2003
                             1381
                         1399
                             1543
                             1894
                     1231
                         1346
                             1431
                             1647
                         1282
                             1769
                             1716
                 717
                     805
                         1108
                             1772
                             1614
                         1041
                             1631
                             1903
                     1018
                         1582
                             2024
                             1606
                         1183
                             1956
                             1826
             647
                 808
                     904
                         1312
                             1931
                             1900
                         1715
                             1853
                             1918
                     977
                         1104
                             1330
                             1155
                         1650
                             1914
                             1973
                 697
                     795
                         1617
                             1631
                             8888
                         1212
                             1303
                     915
                         1042
                         1301
     572
         626
             671
                 853
                     1196
                         1213
                         1929
                     943
                         1288
                         1716
                 820
                     1026
                         1522
                         1485
                     821
                         1677
                         863
             630
                 800
                     1183
                         1989
                         1681
                     1071
                         1770
                         1875
                 656
                     1736
                         1997
                         1782
                     1071
                         1996
                         1134
         575
             607
                 632
                     691
                         842
                         1604
                     696
                         1292
                         2006
                 637
                     795
                         1350
                         1590
                     694
                         1458
                         802
             617
                 870
                     1179
                         1629
                         1375
                     1487
                         1974
                         1946
                 1024
                     1087
                         1292
                         2002
                     1626
                         2029
                         1763

Removed entry frequency is 0.  and should be 0

end test_heap2()
